<?xml version="1.0" encoding="UTF-8"?>
<!-- Generated by org.testng.reporters.JUnitXMLReporter -->
<testsuite ignored="0" hostname="DESKTOP-VV8P387" failures="0" tests="3" name="Default test" time="17.997" errors="0" timestamp="2022-08-23T14:59:52 ICT">
  <testcase classname="com.calculator.testing.TestCalculator" name="testMinus" time="3.253"/>
  <testcase classname="com.calculator.testing.TestCalculator" name="testDiv" time="2.793"/>
  <testcase classname="com.calculator.testing.TestCalculator" name="testMultiple" time="2.8"/>
</testsuite> <!-- Default test -->
