<?xml version="1.0" encoding="UTF-8"?>
<testng-results ignored="0" total="3" passed="3" failed="0" skipped="0">
  <reporter-output>
  </reporter-output>
  <suite started-at="2022-08-23T14:59:34 ICT" name="Default suite" finished-at="2022-08-23T14:59:52 ICT" duration-ms="17997">
    <groups>
    </groups>
    <test started-at="2022-08-23T14:59:34 ICT" name="Default test" finished-at="2022-08-23T14:59:52 ICT" duration-ms="17997">
      <class name="com.calculator.testing.TestCalculator">
        <test-method is-config="true" signature="setUp()[pri:0, instance:com.calculator.testing.TestCalculator@429bffaa]" started-at="2022-08-23T14:59:34 ICT" name="setUp" finished-at="2022-08-23T14:59:43 ICT" duration-ms="8652" status="PASS">
          <reporter-output>
          </reporter-output>
        </test-method> <!-- setUp -->
        <test-method is-config="true" signature="pageObject()[pri:0, instance:com.calculator.testing.TestCalculator@429bffaa]" started-at="2022-08-23T14:59:43 ICT" name="pageObject" finished-at="2022-08-23T14:59:43 ICT" duration-ms="2" status="PASS">
          <reporter-output>
          </reporter-output>
        </test-method> <!-- pageObject -->
        <test-method signature="testMinus()[pri:1, instance:com.calculator.testing.TestCalculator@429bffaa]" started-at="2022-08-23T14:59:43 ICT" name="testMinus" finished-at="2022-08-23T14:59:46 ICT" duration-ms="3253" status="PASS">
          <reporter-output>
          </reporter-output>
        </test-method> <!-- testMinus -->
        <test-method is-config="true" signature="pageObject()[pri:0, instance:com.calculator.testing.TestCalculator@429bffaa]" started-at="2022-08-23T14:59:46 ICT" name="pageObject" finished-at="2022-08-23T14:59:46 ICT" duration-ms="0" status="PASS">
          <reporter-output>
          </reporter-output>
        </test-method> <!-- pageObject -->
        <test-method signature="testDiv()[pri:2, instance:com.calculator.testing.TestCalculator@429bffaa]" started-at="2022-08-23T14:59:46 ICT" name="testDiv" finished-at="2022-08-23T14:59:49 ICT" duration-ms="2793" status="PASS">
          <reporter-output>
          </reporter-output>
        </test-method> <!-- testDiv -->
        <test-method is-config="true" signature="pageObject()[pri:0, instance:com.calculator.testing.TestCalculator@429bffaa]" started-at="2022-08-23T14:59:49 ICT" name="pageObject" finished-at="2022-08-23T14:59:49 ICT" duration-ms="1" status="PASS">
          <reporter-output>
          </reporter-output>
        </test-method> <!-- pageObject -->
        <test-method signature="testMultiple()[pri:3, instance:com.calculator.testing.TestCalculator@429bffaa]" started-at="2022-08-23T14:59:49 ICT" name="testMultiple" finished-at="2022-08-23T14:59:51 ICT" duration-ms="2800" status="PASS">
          <reporter-output>
          </reporter-output>
        </test-method> <!-- testMultiple -->
        <test-method is-config="true" signature="closeApp()[pri:0, instance:com.calculator.testing.TestCalculator@429bffaa]" started-at="2022-08-23T14:59:51 ICT" name="closeApp" finished-at="2022-08-23T14:59:52 ICT" duration-ms="467" status="PASS">
          <reporter-output>
          </reporter-output>
        </test-method> <!-- closeApp -->
      </class> <!-- com.calculator.testing.TestCalculator -->
    </test> <!-- Default test -->
  </suite> <!-- Default suite -->
</testng-results>
